<?xml version="1.0" encoding="UTF-8"?>
<!-- Generated by org.testng.reporters.JUnitXMLReporter -->
<testsuite hostname="DESKTOP-89G1K5A" name="On firefox" tests="1" failures="1" timestamp="15 Jul 2017 14:46:23 GMT" time="97.985" errors="0">
  <testcase name="dropdownTest" time="97.787" classname="grid.DropdownTesting">
    <failure type="org.openqa.selenium.SessionNotCreatedException" message="Tried to run command without establishing a connection
Build info: version: &amp;apos;3.4.0&amp;apos;, revision: &amp;apos;unknown&amp;apos;, time: &amp;apos;unknown&amp;apos;
System info: host: &amp;apos;3dfebfc1cb6c&amp;apos;, ip: &amp;apos;172.17.0.5&amp;apos;, os.name: &amp;apos;Linux&amp;apos;, os.arch: &amp;apos;amd64&amp;apos;, os.version: &amp;apos;4.9.27-moby&amp;apos;, java.version: &amp;apos;1.8.0_131&amp;apos;
Driver info: org.openqa.selenium.firefox.FirefoxDriver
Capabilities [{moz:profile=/tmp/rust_mozprofile.KeCiWxrLZ3pn, rotatable=false, timeouts={implicit=0.0, pageLoad=300000.0, script=30000.0}, pageLoadStrategy=normal, platform=ANY, specificationLevel=0.0, moz:accessibilityChecks=false, acceptInsecureCerts=false, browserVersion=54.0, platformVersion=4.9.27-moby, moz:processID=165.0, browserName=firefox, javascriptEnabled=true, platformName=linux}]
Session ID: 45d6dfbe-cc90-4757-86dc-5596df50ac19
Command duration or timeout: 1.74 seconds
Build info: version: &amp;apos;2.53.1&amp;apos;, revision: &amp;apos;a36b8b1&amp;apos;, time: &amp;apos;2016-06-30 17:37:03&amp;apos;
System info: host: &amp;apos;DESKTOP-89G1K5A&amp;apos;, ip: &amp;apos;10.0.75.1&amp;apos;, os.name: &amp;apos;Windows 8.1&amp;apos;, os.arch: &amp;apos;amd64&amp;apos;, os.version: &amp;apos;6.3&amp;apos;, java.version: &amp;apos;1.7.0_80&amp;apos;
Session ID: 05d37502-5b14-4367-ad04-367d629e7ee8
Driver info: org.openqa.selenium.remote.RemoteWebDriver
Capabilities [{platform=ANY, specificationLevel=0, javascriptEnabled=true, browserVersion=54.0, browserName=firefox, moz:processID=165, rotatable=false, webdriver.remote.sessionid=05d37502-5b14-4367-ad04-367d629e7ee8, pageLoadStrategy=normal, timeouts={pageLoad=300000, implicit=0, script=30000}, platformVersion=4.9.27-moby, cssSelectorsEnabled=true, platformName=linux, moz:accessibilityChecks=false, moz:profile=/tmp/rust_mozprofile.KeCiWxrLZ3pn, takesScreenshot=true, acceptInsecureCerts=false}]">
      <![CDATA[org.openqa.selenium.SessionNotCreatedException: Tried to run command without establishing a connection
Build info: version: '3.4.0', revision: 'unknown', time: 'unknown'
System info: host: '3dfebfc1cb6c', ip: '172.17.0.5', os.name: 'Linux', os.arch: 'amd64', os.version: '4.9.27-moby', java.version: '1.8.0_131'
Driver info: org.openqa.selenium.firefox.FirefoxDriver
Capabilities [{moz:profile=/tmp/rust_mozprofile.KeCiWxrLZ3pn, rotatable=false, timeouts={implicit=0.0, pageLoad=300000.0, script=30000.0}, pageLoadStrategy=normal, platform=ANY, specificationLevel=0.0, moz:accessibilityChecks=false, acceptInsecureCerts=false, browserVersion=54.0, platformVersion=4.9.27-moby, moz:processID=165.0, browserName=firefox, javascriptEnabled=true, platformName=linux}]
Session ID: 45d6dfbe-cc90-4757-86dc-5596df50ac19
Command duration or timeout: 1.74 seconds
Build info: version: '2.53.1', revision: 'a36b8b1', time: '2016-06-30 17:37:03'
System info: host: 'DESKTOP-89G1K5A', ip: '10.0.75.1', os.name: 'Windows 8.1', os.arch: 'amd64', os.version: '6.3', java.version: '1.7.0_80'
Session ID: 05d37502-5b14-4367-ad04-367d629e7ee8
Driver info: org.openqa.selenium.remote.RemoteWebDriver
Capabilities [{platform=ANY, specificationLevel=0, javascriptEnabled=true, browserVersion=54.0, browserName=firefox, moz:processID=165, rotatable=false, webdriver.remote.sessionid=05d37502-5b14-4367-ad04-367d629e7ee8, pageLoadStrategy=normal, timeouts={pageLoad=300000, implicit=0, script=30000}, platformVersion=4.9.27-moby, cssSelectorsEnabled=true, platformName=linux, moz:accessibilityChecks=false, moz:profile=/tmp/rust_mozprofile.KeCiWxrLZ3pn, takesScreenshot=true, acceptInsecureCerts=false}]
	at org.openqa.selenium.remote.ErrorHandler.createThrowable(ErrorHandler.java:206)
	at org.openqa.selenium.remote.ErrorHandler.throwIfResponseFailed(ErrorHandler.java:158)
	at org.openqa.selenium.remote.RemoteWebDriver.execute(RemoteWebDriver.java:678)
	at org.openqa.selenium.remote.RemoteWebElement.execute(RemoteWebElement.java:327)
	at org.openqa.selenium.remote.RemoteWebElement.isSelected(RemoteWebElement.java:159)
	at grid.DropdownTesting.dropdownTest(DropdownTesting.java:43)
	at java.util.concurrent.FutureTask.run(Unknown Source)
	at java.util.concurrent.ThreadPoolExecutor.runWorker(Unknown Source)
	at java.util.concurrent.ThreadPoolExecutor$Worker.run(Unknown Source)
	at java.lang.Thread.run(Unknown Source)
Caused by: org.openqa.selenium.remote.ScreenshotException: Screen shot has been taken
Build info: version: '2.53.1', revision: 'a36b8b1', time: '2016-06-30 17:37:03'
System info: host: 'DESKTOP-89G1K5A', ip: '10.0.75.1', os.name: 'Windows 8.1', os.arch: 'amd64', os.version: '6.3', java.version: '1.7.0_80'
Driver info: driver.version: RemoteWebDriver
	at org.openqa.selenium.remote.ErrorHandler.throwIfResponseFailed(ErrorHandler.java:138)
	... 24 more
Caused by: org.openqa.selenium.SessionNotCreatedException: Tried to run command without establishing a connection
Build info: version: '3.4.0', revision: 'unknown', time: 'unknown'
System info: host: '3dfebfc1cb6c', ip: '172.17.0.5', os.name: 'Linux', os.arch: 'amd64', os.version: '4.9.27-moby', java.version: '1.8.0_131'
Driver info: org.openqa.selenium.firefox.FirefoxDriver
Capabilities [{moz:profile=/tmp/rust_mozprofile.KeCiWxrLZ3pn, rotatable=false, timeouts={implicit=0.0, pageLoad=300000.0, script=30000.0}, pageLoadStrategy=normal, platform=ANY, specificationLevel=0.0, moz:accessibilityChecks=false, acceptInsecureCerts=false, browserVersion=54.0, platformVersion=4.9.27-moby, moz:processID=165.0, browserName=firefox, javascriptEnabled=true, platformName=linux}]
Session ID: 45d6dfbe-cc90-4757-86dc-5596df50ac19
Build info: version: '2.53.1', revision: 'a36b8b1', time: '2016-06-30 17:37:03'
System info: host: 'DESKTOP-89G1K5A', ip: '10.0.75.1', os.name: 'Windows 8.1', os.arch: 'amd64', os.version: '6.3', java.version: '1.7.0_80'
Driver info: driver.version: RemoteWebDriver
	at org.openqa.selenium.remote.http.W3CHttpResponseCodec.createException(W3CHttpResponseCodec.java:150)
	at org.openqa.selenium.remote.http.W3CHttpResponseCodec.decode(W3CHttpResponseCodec.java:115)
	at org.openqa.selenium.remote.http.W3CHttpResponseCodec.decode(W3CHttpResponseCodec.java:45)
	at org.openqa.selenium.remote.HttpCommandExecutor.execute(HttpCommandExecutor.java:164)
	at org.openqa.selenium.remote.service.DriverCommandExecutor.execute(DriverCommandExecutor.java:82)
	at org.openqa.selenium.remote.RemoteWebDriver.execute(RemoteWebDriver.java:637)
	at org.openqa.selenium.remote.RemoteWebElement.execute(RemoteWebElement.java:272)
	at org.openqa.selenium.remote.RemoteWebElement.isSelected(RemoteWebElement.java:136)
	at org.openqa.selenium.support.events.EventFiringWebDriver$EventFiringWebElement$1.invoke(EventFiringWebDriver.java:332)
	at com.sun.proxy.$Proxy7.isSelected(Unknown Source)
	at org.openqa.selenium.support.events.EventFiringWebDriver$EventFiringWebElement.isSelected(EventFiringWebDriver.java:374)
	at org.openqa.selenium.remote.server.KnownElements$1.invoke(KnownElements.java:64)
	at com.sun.proxy.$Proxy8.isSelected(Unknown Source)
	at org.openqa.selenium.remote.server.handler.GetElementSelected.call(GetElementSelected.java:30)
	at org.openqa.selenium.remote.server.handler.GetElementSelected.call(GetElementSelected.java:22)
	at java.util.concurrent.FutureTask.run(FutureTask.java:266)
	at org.openqa.selenium.remote.server.DefaultSession$1.run(DefaultSession.java:176)
	at java.util.concurrent.ThreadPoolExecutor.runWorker(ThreadPoolExecutor.java:1142)
	at java.util.concurrent.ThreadPoolExecutor$Worker.run(ThreadPoolExecutor.java:617)
	at java.lang.Thread.run(Thread.java:748)
... Removed 30 stack frames]]>
    </failure>
  </testcase> <!-- dropdownTest -->
</testsuite> <!-- On firefox -->
