<?xml version="1.0" encoding="UTF-8"?>
<testng-results skipped="0" failed="0" total="1" passed="1">
  <reporter-output>
  </reporter-output>
  <suite name="Default suite" duration-ms="34697" started-at="2017-07-29T03:24:25Z" finished-at="2017-07-29T03:25:00Z">
    <groups>
    </groups>
    <test name="Default test" duration-ms="34697" started-at="2017-07-29T03:24:25Z" finished-at="2017-07-29T03:25:00Z">
      <class name="pageclasstestcases.POM_Registration_Testcase">
        <test-method status="PASS" signature="registrationTest()[pri:0, instance:pageclasstestcases.POM_Registration_Testcase@76fa4dab]" name="registrationTest" duration-ms="34627" started-at="2017-07-28T20:24:25Z" finished-at="2017-07-28T20:25:00Z">
          <reporter-output>
          </reporter-output>
        </test-method> <!-- registrationTest -->
      </class> <!-- pageclasstestcases.POM_Registration_Testcase -->
    </test> <!-- Default test -->
  </suite> <!-- Default suite -->
</testng-results>
